  database.cpp
  handler.cpp
C:\Users\millet\capstone\backend\handler.cpp(1,1): warning C4819: 현재 코드 페이지(949)에서 표시할 수 없는 문자가 파일에 들어 있습니다. 데이터가 손실되지 않게 하려면 해당 파일을 유니코드 형식으로 저장하십시오.
  leak.cpp
  main.cpp
  old.cpp
  reuse.cpp
  utils.cpp
  vuln.cpp
  코드를 생성하고 있습니다.
  Previous IPDB not found, fall back to full compilation.
  All 3431 functions were compiled because no usable IPDB/IOBJ from previous compilation was found.
  코드를 생성했습니다.
cryptlib.lib(cryptlib.obj) : warning LNK4099: 'cryptlib.pdb' PDB를 'cryptlib.lib(cryptlib.obj)' 또는 'C:\Users\millet\capstone\backend\x64\Release\cryptlib.pdb'에서 찾을 수 없습니다. 디버그 정보가 없는 것처럼 개체를 링크합니다.
cryptlib.lib(modes.obj) : warning LNK4099: 'cryptlib.pdb' PDB를 'cryptlib.lib(modes.obj)' 또는 'C:\Users\millet\capstone\backend\x64\Release\cryptlib.pdb'에서 찾을 수 없습니다. 디버그 정보가 없는 것처럼 개체를 링크합니다.
cryptlib.lib(filters.obj) : warning LNK4099: 'cryptlib.pdb' PDB를 'cryptlib.lib(filters.obj)' 또는 'C:\Users\millet\capstone\backend\x64\Release\cryptlib.pdb'에서 찾을 수 없습니다. 디버그 정보가 없는 것처럼 개체를 링크합니다.
cryptlib.lib(algparam.obj) : warning LNK4099: 'cryptlib.pdb' PDB를 'cryptlib.lib(algparam.obj)' 또는 'C:\Users\millet\capstone\backend\x64\Release\cryptlib.pdb'에서 찾을 수 없습니다. 디버그 정보가 없는 것처럼 개체를 링크합니다.
cryptlib.lib(rijndael.obj) : warning LNK4099: 'cryptlib.pdb' PDB를 'cryptlib.lib(rijndael.obj)' 또는 'C:\Users\millet\capstone\backend\x64\Release\cryptlib.pdb'에서 찾을 수 없습니다. 디버그 정보가 없는 것처럼 개체를 링크합니다.
cryptlib.lib(allocate.obj) : warning LNK4099: 'cryptlib.pdb' PDB를 'cryptlib.lib(allocate.obj)' 또는 'C:\Users\millet\capstone\backend\x64\Release\cryptlib.pdb'에서 찾을 수 없습니다. 디버그 정보가 없는 것처럼 개체를 링크합니다.
cryptlib.lib(integer.obj) : warning LNK4099: 'cryptlib.pdb' PDB를 'cryptlib.lib(integer.obj)' 또는 'C:\Users\millet\capstone\backend\x64\Release\cryptlib.pdb'에서 찾을 수 없습니다. 디버그 정보가 없는 것처럼 개체를 링크합니다.
cryptlib.lib(hex.obj) : warning LNK4099: 'cryptlib.pdb' PDB를 'cryptlib.lib(hex.obj)' 또는 'C:\Users\millet\capstone\backend\x64\Release\cryptlib.pdb'에서 찾을 수 없습니다. 디버그 정보가 없는 것처럼 개체를 링크합니다.
cryptlib.lib(basecode.obj) : warning LNK4099: 'cryptlib.pdb' PDB를 'cryptlib.lib(basecode.obj)' 또는 'C:\Users\millet\capstone\backend\x64\Release\cryptlib.pdb'에서 찾을 수 없습니다. 디버그 정보가 없는 것처럼 개체를 링크합니다.
cryptlib.lib(sha.obj) : warning LNK4099: 'cryptlib.pdb' PDB를 'cryptlib.lib(sha.obj)' 또는 'C:\Users\millet\capstone\backend\x64\Release\cryptlib.pdb'에서 찾을 수 없습니다. 디버그 정보가 없는 것처럼 개체를 링크합니다.
cryptlib.lib(iterhash.obj) : warning LNK4099: 'cryptlib.pdb' PDB를 'cryptlib.lib(iterhash.obj)' 또는 'C:\Users\millet\capstone\backend\x64\Release\cryptlib.pdb'에서 찾을 수 없습니다. 디버그 정보가 없는 것처럼 개체를 링크합니다.
cryptlib.lib(misc.obj) : warning LNK4099: 'cryptlib.pdb' PDB를 'cryptlib.lib(misc.obj)' 또는 'C:\Users\millet\capstone\backend\x64\Release\cryptlib.pdb'에서 찾을 수 없습니다. 디버그 정보가 없는 것처럼 개체를 링크합니다.
cryptlib.lib(queue.obj) : warning LNK4099: 'cryptlib.pdb' PDB를 'cryptlib.lib(queue.obj)' 또는 'C:\Users\millet\capstone\backend\x64\Release\cryptlib.pdb'에서 찾을 수 없습니다. 디버그 정보가 없는 것처럼 개체를 링크합니다.
cryptlib.lib(fips140.obj) : warning LNK4099: 'cryptlib.pdb' PDB를 'cryptlib.lib(fips140.obj)' 또는 'C:\Users\millet\capstone\backend\x64\Release\cryptlib.pdb'에서 찾을 수 없습니다. 디버그 정보가 없는 것처럼 개체를 링크합니다.
cryptlib.lib(pch.obj) : warning LNK4099: 'cryptlib.pdb' PDB를 'cryptlib.lib(pch.obj)' 또는 'C:\Users\millet\capstone\backend\x64\Release\cryptlib.pdb'에서 찾을 수 없습니다. 디버그 정보가 없는 것처럼 개체를 링크합니다.
cryptlib.lib(mqueue.obj) : warning LNK4099: 'cryptlib.pdb' PDB를 'cryptlib.lib(mqueue.obj)' 또는 'C:\Users\millet\capstone\backend\x64\Release\cryptlib.pdb'에서 찾을 수 없습니다. 디버그 정보가 없는 것처럼 개체를 링크합니다.
cryptlib.lib(cpu.obj) : warning LNK4099: 'cryptlib.pdb' PDB를 'cryptlib.lib(cpu.obj)' 또는 'C:\Users\millet\capstone\backend\x64\Release\cryptlib.pdb'에서 찾을 수 없습니다. 디버그 정보가 없는 것처럼 개체를 링크합니다.
cryptlib.lib(rijndael_simd.obj) : warning LNK4099: 'cryptlib.pdb' PDB를 'cryptlib.lib(rijndael_simd.obj)' 또는 'C:\Users\millet\capstone\backend\x64\Release\cryptlib.pdb'에서 찾을 수 없습니다. 디버그 정보가 없는 것처럼 개체를 링크합니다.
cryptlib.lib(rdtables.obj) : warning LNK4099: 'cryptlib.pdb' PDB를 'cryptlib.lib(rdtables.obj)' 또는 'C:\Users\millet\capstone\backend\x64\Release\cryptlib.pdb'에서 찾을 수 없습니다. 디버그 정보가 없는 것처럼 개체를 링크합니다.
cryptlib.lib(dll.obj) : warning LNK4099: 'cryptlib.pdb' PDB를 'cryptlib.lib(dll.obj)' 또는 'C:\Users\millet\capstone\backend\x64\Release\cryptlib.pdb'에서 찾을 수 없습니다. 디버그 정보가 없는 것처럼 개체를 링크합니다.
cryptlib.lib(nbtheory.obj) : warning LNK4099: 'cryptlib.pdb' PDB를 'cryptlib.lib(nbtheory.obj)' 또는 'C:\Users\millet\capstone\backend\x64\Release\cryptlib.pdb'에서 찾을 수 없습니다. 디버그 정보가 없는 것처럼 개체를 링크합니다.
cryptlib.lib(asn.obj) : warning LNK4099: 'cryptlib.pdb' PDB를 'cryptlib.lib(asn.obj)' 또는 'C:\Users\millet\capstone\backend\x64\Release\cryptlib.pdb'에서 찾을 수 없습니다. 디버그 정보가 없는 것처럼 개체를 링크합니다.
cryptlib.lib(pubkey.obj) : warning LNK4099: 'cryptlib.pdb' PDB를 'cryptlib.lib(pubkey.obj)' 또는 'C:\Users\millet\capstone\backend\x64\Release\cryptlib.pdb'에서 찾을 수 없습니다. 디버그 정보가 없는 것처럼 개체를 링크합니다.
cryptlib.lib(sha_simd.obj) : warning LNK4099: 'cryptlib.pdb' PDB를 'cryptlib.lib(sha_simd.obj)' 또는 'C:\Users\millet\capstone\backend\x64\Release\cryptlib.pdb'에서 찾을 수 없습니다. 디버그 정보가 없는 것처럼 개체를 링크합니다.
cryptlib.lib(gfpcrypt.obj) : warning LNK4099: 'cryptlib.pdb' PDB를 'cryptlib.lib(gfpcrypt.obj)' 또는 'C:\Users\millet\capstone\backend\x64\Release\cryptlib.pdb'에서 찾을 수 없습니다. 디버그 정보가 없는 것처럼 개체를 링크합니다.
cryptlib.lib(hmac.obj) : warning LNK4099: 'cryptlib.pdb' PDB를 'cryptlib.lib(hmac.obj)' 또는 'C:\Users\millet\capstone\backend\x64\Release\cryptlib.pdb'에서 찾을 수 없습니다. 디버그 정보가 없는 것처럼 개체를 링크합니다.
cryptlib.lib(gf2n.obj) : warning LNK4099: 'cryptlib.pdb' PDB를 'cryptlib.lib(gf2n.obj)' 또는 'C:\Users\millet\capstone\backend\x64\Release\cryptlib.pdb'에서 찾을 수 없습니다. 디버그 정보가 없는 것처럼 개체를 링크합니다.
cryptlib.lib(ec2n.obj) : warning LNK4099: 'cryptlib.pdb' PDB를 'cryptlib.lib(ec2n.obj)' 또는 'C:\Users\millet\capstone\backend\x64\Release\cryptlib.pdb'에서 찾을 수 없습니다. 디버그 정보가 없는 것처럼 개체를 링크합니다.
cryptlib.lib(ecp.obj) : warning LNK4099: 'cryptlib.pdb' PDB를 'cryptlib.lib(ecp.obj)' 또는 'C:\Users\millet\capstone\backend\x64\Release\cryptlib.pdb'에서 찾을 수 없습니다. 디버그 정보가 없는 것처럼 개체를 링크합니다.
cryptlib.lib(rng.obj) : warning LNK4099: 'cryptlib.pdb' PDB를 'cryptlib.lib(rng.obj)' 또는 'C:\Users\millet\capstone\backend\x64\Release\cryptlib.pdb'에서 찾을 수 없습니다. 디버그 정보가 없는 것처럼 개체를 링크합니다.
cryptlib.lib(osrng.obj) : warning LNK4099: 'cryptlib.pdb' PDB를 'cryptlib.lib(osrng.obj)' 또는 'C:\Users\millet\capstone\backend\x64\Release\cryptlib.pdb'에서 찾을 수 없습니다. 디버그 정보가 없는 것처럼 개체를 링크합니다.
cryptlib.lib(primetab.obj) : warning LNK4099: 'cryptlib.pdb' PDB를 'cryptlib.lib(primetab.obj)' 또는 'C:\Users\millet\capstone\backend\x64\Release\cryptlib.pdb'에서 찾을 수 없습니다. 디버그 정보가 없는 것처럼 개체를 링크합니다.
cryptlib.lib(randpool.obj) : warning LNK4099: 'cryptlib.pdb' PDB를 'cryptlib.lib(randpool.obj)' 또는 'C:\Users\millet\capstone\backend\x64\Release\cryptlib.pdb'에서 찾을 수 없습니다. 디버그 정보가 없는 것처럼 개체를 링크합니다.
cryptlib.lib(gf2n_simd.obj) : warning LNK4099: 'cryptlib.pdb' PDB를 'cryptlib.lib(gf2n_simd.obj)' 또는 'C:\Users\millet\capstone\backend\x64\Release\cryptlib.pdb'에서 찾을 수 없습니다. 디버그 정보가 없는 것처럼 개체를 링크합니다.
cryptlib.lib(hrtimer.obj) : warning LNK4099: 'cryptlib.pdb' PDB를 'cryptlib.lib(hrtimer.obj)' 또는 'C:\Users\millet\capstone\backend\x64\Release\cryptlib.pdb'에서 찾을 수 없습니다. 디버그 정보가 없는 것처럼 개체를 링크합니다.
libsodium.lib(core.obj) : warning LNK4099: 'libsodium.pdb' PDB를 'libsodium.lib(core.obj)' 또는 'C:\Users\millet\capstone\backend\x64\Release\libsodium.pdb'에서 찾을 수 없습니다. 디버그 정보가 없는 것처럼 개체를 링크합니다.
libsodium.lib(crypto_pwhash.obj) : warning LNK4099: 'libsodium.pdb' PDB를 'libsodium.lib(crypto_pwhash.obj)' 또는 'C:\Users\millet\capstone\backend\x64\Release\libsodium.pdb'에서 찾을 수 없습니다. 디버그 정보가 없는 것처럼 개체를 링크합니다.
libsodium.lib(randombytes.obj) : warning LNK4099: 'libsodium.pdb' PDB를 'libsodium.lib(randombytes.obj)' 또는 'C:\Users\millet\capstone\backend\x64\Release\libsodium.pdb'에서 찾을 수 없습니다. 디버그 정보가 없는 것처럼 개체를 링크합니다.
libsodium.lib(runtime.obj) : warning LNK4099: 'libsodium.pdb' PDB를 'libsodium.lib(runtime.obj)' 또는 'C:\Users\millet\capstone\backend\x64\Release\libsodium.pdb'에서 찾을 수 없습니다. 디버그 정보가 없는 것처럼 개체를 링크합니다.
libsodium.lib(utils.obj) : warning LNK4099: 'libsodium.pdb' PDB를 'libsodium.lib(utils.obj)' 또는 'C:\Users\millet\capstone\backend\x64\Release\libsodium.pdb'에서 찾을 수 없습니다. 디버그 정보가 없는 것처럼 개체를 링크합니다.
libsodium.lib(generichash_blake2b.obj) : warning LNK4099: 'libsodium.pdb' PDB를 'libsodium.lib(generichash_blake2b.obj)' 또는 'C:\Users\millet\capstone\backend\x64\Release\libsodium.pdb'에서 찾을 수 없습니다. 디버그 정보가 없는 것처럼 개체를 링크합니다.
libsodium.lib(onetimeauth_poly1305.obj) : warning LNK4099: 'libsodium.pdb' PDB를 'libsodium.lib(onetimeauth_poly1305.obj)' 또는 'C:\Users\millet\capstone\backend\x64\Release\libsodium.pdb'에서 찾을 수 없습니다. 디버그 정보가 없는 것처럼 개체를 링크합니다.
libsodium.lib(argon2-core.obj) : warning LNK4099: 'libsodium.pdb' PDB를 'libsodium.lib(argon2-core.obj)' 또는 'C:\Users\millet\capstone\backend\x64\Release\libsodium.pdb'에서 찾을 수 없습니다. 디버그 정보가 없는 것처럼 개체를 링크합니다.
libsodium.lib(scalarmult_curve25519.obj) : warning LNK4099: 'libsodium.pdb' PDB를 'libsodium.lib(scalarmult_curve25519.obj)' 또는 'C:\Users\millet\capstone\backend\x64\Release\libsodium.pdb'에서 찾을 수 없습니다. 디버그 정보가 없는 것처럼 개체를 링크합니다.
libsodium.lib(stream_chacha20.obj) : warning LNK4099: 'libsodium.pdb' PDB를 'libsodium.lib(stream_chacha20.obj)' 또는 'C:\Users\millet\capstone\backend\x64\Release\libsodium.pdb'에서 찾을 수 없습니다. 디버그 정보가 없는 것처럼 개체를 링크합니다.
libsodium.lib(stream_salsa20.obj) : warning LNK4099: 'libsodium.pdb' PDB를 'libsodium.lib(stream_salsa20.obj)' 또는 'C:\Users\millet\capstone\backend\x64\Release\libsodium.pdb'에서 찾을 수 없습니다. 디버그 정보가 없는 것처럼 개체를 링크합니다.
libsodium.lib(pwhash_argon2i.obj) : warning LNK4099: 'libsodium.pdb' PDB를 'libsodium.lib(pwhash_argon2i.obj)' 또는 'C:\Users\millet\capstone\backend\x64\Release\libsodium.pdb'에서 찾을 수 없습니다. 디버그 정보가 없는 것처럼 개체를 링크합니다.
libsodium.lib(pwhash_argon2id.obj) : warning LNK4099: 'libsodium.pdb' PDB를 'libsodium.lib(pwhash_argon2id.obj)' 또는 'C:\Users\millet\capstone\backend\x64\Release\libsodium.pdb'에서 찾을 수 없습니다. 디버그 정보가 없는 것처럼 개체를 링크합니다.
libsodium.lib(randombytes_sysrandom.obj) : warning LNK4099: 'libsodium.pdb' PDB를 'libsodium.lib(randombytes_sysrandom.obj)' 또는 'C:\Users\millet\capstone\backend\x64\Release\libsodium.pdb'에서 찾을 수 없습니다. 디버그 정보가 없는 것처럼 개체를 링크합니다.
libsodium.lib(blake2b-ref.obj) : warning LNK4099: 'libsodium.pdb' PDB를 'libsodium.lib(blake2b-ref.obj)' 또는 'C:\Users\millet\capstone\backend\x64\Release\libsodium.pdb'에서 찾을 수 없습니다. 디버그 정보가 없는 것처럼 개체를 링크합니다.
libsodium.lib(poly1305_donna.obj) : warning LNK4099: 'libsodium.pdb' PDB를 'libsodium.lib(poly1305_donna.obj)' 또는 'C:\Users\millet\capstone\backend\x64\Release\libsodium.pdb'에서 찾을 수 없습니다. 디버그 정보가 없는 것처럼 개체를 링크합니다.
libsodium.lib(argon2-fill-block-ref.obj) : warning LNK4099: 'libsodium.pdb' PDB를 'libsodium.lib(argon2-fill-block-ref.obj)' 또는 'C:\Users\millet\capstone\backend\x64\Release\libsodium.pdb'에서 찾을 수 없습니다. 디버그 정보가 없는 것처럼 개체를 링크합니다.
libsodium.lib(argon2-fill-block-avx2.obj) : warning LNK4099: 'libsodium.pdb' PDB를 'libsodium.lib(argon2-fill-block-avx2.obj)' 또는 'C:\Users\millet\capstone\backend\x64\Release\libsodium.pdb'에서 찾을 수 없습니다. 디버그 정보가 없는 것처럼 개체를 링크합니다.
libsodium.lib(argon2-fill-block-ssse3.obj) : warning LNK4099: 'libsodium.pdb' PDB를 'libsodium.lib(argon2-fill-block-ssse3.obj)' 또는 'C:\Users\millet\capstone\backend\x64\Release\libsodium.pdb'에서 찾을 수 없습니다. 디버그 정보가 없는 것처럼 개체를 링크합니다.
libsodium.lib(blake2b-long.obj) : warning LNK4099: 'libsodium.pdb' PDB를 'libsodium.lib(blake2b-long.obj)' 또는 'C:\Users\millet\capstone\backend\x64\Release\libsodium.pdb'에서 찾을 수 없습니다. 디버그 정보가 없는 것처럼 개체를 링크합니다.
libsodium.lib(x25519_ref10.obj) : warning LNK4099: 'libsodium.pdb' PDB를 'libsodium.lib(x25519_ref10.obj)' 또는 'C:\Users\millet\capstone\backend\x64\Release\libsodium.pdb'에서 찾을 수 없습니다. 디버그 정보가 없는 것처럼 개체를 링크합니다.
libsodium.lib(chacha20_ref.obj) : warning LNK4099: 'libsodium.pdb' PDB를 'libsodium.lib(chacha20_ref.obj)' 또는 'C:\Users\millet\capstone\backend\x64\Release\libsodium.pdb'에서 찾을 수 없습니다. 디버그 정보가 없는 것처럼 개체를 링크합니다.
libsodium.lib(chacha20_dolbeau-avx2.obj) : warning LNK4099: 'libsodium.pdb' PDB를 'libsodium.lib(chacha20_dolbeau-avx2.obj)' 또는 'C:\Users\millet\capstone\backend\x64\Release\libsodium.pdb'에서 찾을 수 없습니다. 디버그 정보가 없는 것처럼 개체를 링크합니다.
libsodium.lib(chacha20_dolbeau-ssse3.obj) : warning LNK4099: 'libsodium.pdb' PDB를 'libsodium.lib(chacha20_dolbeau-ssse3.obj)' 또는 'C:\Users\millet\capstone\backend\x64\Release\libsodium.pdb'에서 찾을 수 없습니다. 디버그 정보가 없는 것처럼 개체를 링크합니다.
libsodium.lib(salsa20_ref.obj) : warning LNK4099: 'libsodium.pdb' PDB를 'libsodium.lib(salsa20_ref.obj)' 또는 'C:\Users\millet\capstone\backend\x64\Release\libsodium.pdb'에서 찾을 수 없습니다. 디버그 정보가 없는 것처럼 개체를 링크합니다.
libsodium.lib(salsa20_xmm6int-sse2.obj) : warning LNK4099: 'libsodium.pdb' PDB를 'libsodium.lib(salsa20_xmm6int-sse2.obj)' 또는 'C:\Users\millet\capstone\backend\x64\Release\libsodium.pdb'에서 찾을 수 없습니다. 디버그 정보가 없는 것처럼 개체를 링크합니다.
libsodium.lib(salsa20_xmm6int-avx2.obj) : warning LNK4099: 'libsodium.pdb' PDB를 'libsodium.lib(salsa20_xmm6int-avx2.obj)' 또는 'C:\Users\millet\capstone\backend\x64\Release\libsodium.pdb'에서 찾을 수 없습니다. 디버그 정보가 없는 것처럼 개체를 링크합니다.
libsodium.lib(argon2.obj) : warning LNK4099: 'libsodium.pdb' PDB를 'libsodium.lib(argon2.obj)' 또는 'C:\Users\millet\capstone\backend\x64\Release\libsodium.pdb'에서 찾을 수 없습니다. 디버그 정보가 없는 것처럼 개체를 링크합니다.
libsodium.lib(argon2-encoding.obj) : warning LNK4099: 'libsodium.pdb' PDB를 'libsodium.lib(argon2-encoding.obj)' 또는 'C:\Users\millet\capstone\backend\x64\Release\libsodium.pdb'에서 찾을 수 없습니다. 디버그 정보가 없는 것처럼 개체를 링크합니다.
libsodium.lib(blake2b-compress-ref.obj) : warning LNK4099: 'libsodium.pdb' PDB를 'libsodium.lib(blake2b-compress-ref.obj)' 또는 'C:\Users\millet\capstone\backend\x64\Release\libsodium.pdb'에서 찾을 수 없습니다. 디버그 정보가 없는 것처럼 개체를 링크합니다.
libsodium.lib(blake2b-compress-ssse3.obj) : warning LNK4099: 'libsodium.pdb' PDB를 'libsodium.lib(blake2b-compress-ssse3.obj)' 또는 'C:\Users\millet\capstone\backend\x64\Release\libsodium.pdb'에서 찾을 수 없습니다. 디버그 정보가 없는 것처럼 개체를 링크합니다.
libsodium.lib(blake2b-compress-sse41.obj) : warning LNK4099: 'libsodium.pdb' PDB를 'libsodium.lib(blake2b-compress-sse41.obj)' 또는 'C:\Users\millet\capstone\backend\x64\Release\libsodium.pdb'에서 찾을 수 없습니다. 디버그 정보가 없는 것처럼 개체를 링크합니다.
libsodium.lib(blake2b-compress-avx2.obj) : warning LNK4099: 'libsodium.pdb' PDB를 'libsodium.lib(blake2b-compress-avx2.obj)' 또는 'C:\Users\millet\capstone\backend\x64\Release\libsodium.pdb'에서 찾을 수 없습니다. 디버그 정보가 없는 것처럼 개체를 링크합니다.
libsodium.lib(verify.obj) : warning LNK4099: 'libsodium.pdb' PDB를 'libsodium.lib(verify.obj)' 또는 'C:\Users\millet\capstone\backend\x64\Release\libsodium.pdb'에서 찾을 수 없습니다. 디버그 정보가 없는 것처럼 개체를 링크합니다.
libsodium.lib(ed25519_ref10.obj) : warning LNK4099: 'libsodium.pdb' PDB를 'libsodium.lib(ed25519_ref10.obj)' 또는 'C:\Users\millet\capstone\backend\x64\Release\libsodium.pdb'에서 찾을 수 없습니다. 디버그 정보가 없는 것처럼 개체를 링크합니다.
libsodium.lib(core_salsa_ref.obj) : warning LNK4099: 'libsodium.pdb' PDB를 'libsodium.lib(core_salsa_ref.obj)' 또는 'C:\Users\millet\capstone\backend\x64\Release\libsodium.pdb'에서 찾을 수 없습니다. 디버그 정보가 없는 것처럼 개체를 링크합니다.
libsodium.lib(codecs.obj) : warning LNK4099: 'libsodium.pdb' PDB를 'libsodium.lib(codecs.obj)' 또는 'C:\Users\millet\capstone\backend\x64\Release\libsodium.pdb'에서 찾을 수 없습니다. 디버그 정보가 없는 것처럼 개체를 링크합니다.
libcurl.lib(easy.obj) : warning LNK4099: 'libcurl.pdb' PDB를 'libcurl.lib(easy.obj)' 또는 'C:\Users\millet\capstone\backend\x64\Release\libcurl.pdb'에서 찾을 수 없습니다. 디버그 정보가 없는 것처럼 개체를 링크합니다.
libcurl.lib(setopt.obj) : warning LNK4099: 'libcurl.pdb' PDB를 'libcurl.lib(setopt.obj)' 또는 'C:\Users\millet\capstone\backend\x64\Release\libcurl.pdb'에서 찾을 수 없습니다. 디버그 정보가 없는 것처럼 개체를 링크합니다.
libcurl.lib(strdup.obj) : warning LNK4099: 'libcurl.pdb' PDB를 'libcurl.lib(strdup.obj)' 또는 'C:\Users\millet\capstone\backend\x64\Release\libcurl.pdb'에서 찾을 수 없습니다. 디버그 정보가 없는 것처럼 개체를 링크합니다.
libcurl.lib(multi.obj) : warning LNK4099: 'libcurl.pdb' PDB를 'libcurl.lib(multi.obj)' 또는 'C:\Users\millet\capstone\backend\x64\Release\libcurl.pdb'에서 찾을 수 없습니다. 디버그 정보가 없는 것처럼 개체를 링크합니다.
libcurl.lib(cookie.obj) : warning LNK4099: 'libcurl.pdb' PDB를 'libcurl.lib(cookie.obj)' 또는 'C:\Users\millet\capstone\backend\x64\Release\libcurl.pdb'에서 찾을 수 없습니다. 디버그 정보가 없는 것처럼 개체를 링크합니다.
libcurl.lib(timeval.obj) : warning LNK4099: 'libcurl.pdb' PDB를 'libcurl.lib(timeval.obj)' 또는 'C:\Users\millet\capstone\backend\x64\Release\libcurl.pdb'에서 찾을 수 없습니다. 디버그 정보가 없는 것처럼 개체를 링크합니다.
libcurl.lib(dynbuf.obj) : warning LNK4099: 'libcurl.pdb' PDB를 'libcurl.lib(dynbuf.obj)' 또는 'C:\Users\millet\capstone\backend\x64\Release\libcurl.pdb'에서 찾을 수 없습니다. 디버그 정보가 없는 것처럼 개체를 링크합니다.
libcurl.lib(asyn-thread.obj) : warning LNK4099: 'libcurl.pdb' PDB를 'libcurl.lib(asyn-thread.obj)' 또는 'C:\Users\millet\capstone\backend\x64\Release\libcurl.pdb'에서 찾을 수 없습니다. 디버그 정보가 없는 것처럼 개체를 링크합니다.
libcurl.lib(request.obj) : warning LNK4099: 'libcurl.pdb' PDB를 'libcurl.lib(request.obj)' 또는 'C:\Users\millet\capstone\backend\x64\Release\libcurl.pdb'에서 찾을 수 없습니다. 디버그 정보가 없는 것처럼 개체를 링크합니다.
libcurl.lib(mime.obj) : warning LNK4099: 'libcurl.pdb' PDB를 'libcurl.lib(mime.obj)' 또는 'C:\Users\millet\capstone\backend\x64\Release\libcurl.pdb'에서 찾을 수 없습니다. 디버그 정보가 없는 것처럼 개체를 링크합니다.
libcurl.lib(conncache.obj) : warning LNK4099: 'libcurl.pdb' PDB를 'libcurl.lib(conncache.obj)' 또는 'C:\Users\millet\capstone\backend\x64\Release\libcurl.pdb'에서 찾을 수 없습니다. 디버그 정보가 없는 것처럼 개체를 링크합니다.
libcurl.lib(vtls.obj) : warning LNK4099: 'libcurl.pdb' PDB를 'libcurl.lib(vtls.obj)' 또는 'C:\Users\millet\capstone\backend\x64\Release\libcurl.pdb'에서 찾을 수 없습니다. 디버그 정보가 없는 것처럼 개체를 링크합니다.
libcurl.lib(url.obj) : warning LNK4099: 'libcurl.pdb' PDB를 'libcurl.lib(url.obj)' 또는 'C:\Users\millet\capstone\backend\x64\Release\libcurl.pdb'에서 찾을 수 없습니다. 디버그 정보가 없는 것처럼 개체를 링크합니다.
libcurl.lib(getinfo.obj) : warning LNK4099: 'libcurl.pdb' PDB를 'libcurl.lib(getinfo.obj)' 또는 'C:\Users\millet\capstone\backend\x64\Release\libcurl.pdb'에서 찾을 수 없습니다. 디버그 정보가 없는 것처럼 개체를 링크합니다.
libcurl.lib(cfilters.obj) : warning LNK4099: 'libcurl.pdb' PDB를 'libcurl.lib(cfilters.obj)' 또는 'C:\Users\millet\capstone\backend\x64\Release\libcurl.pdb'에서 찾을 수 없습니다. 디버그 정보가 없는 것처럼 개체를 링크합니다.
libcurl.lib(curl_trc.obj) : warning LNK4099: 'libcurl.pdb' PDB를 'libcurl.lib(curl_trc.obj)' 또는 'C:\Users\millet\capstone\backend\x64\Release\libcurl.pdb'에서 찾을 수 없습니다. 디버그 정보가 없는 것처럼 개체를 링크합니다.
libcurl.lib(sendf.obj) : warning LNK4099: 'libcurl.pdb' PDB를 'libcurl.lib(sendf.obj)' 또는 'C:\Users\millet\capstone\backend\x64\Release\libcurl.pdb'에서 찾을 수 없습니다. 디버그 정보가 없는 것처럼 개체를 링크합니다.
libcurl.lib(cw-out.obj) : warning LNK4099: 'libcurl.pdb' PDB를 'libcurl.lib(cw-out.obj)' 또는 'C:\Users\millet\capstone\backend\x64\Release\libcurl.pdb'에서 찾을 수 없습니다. 디버그 정보가 없는 것처럼 개체를 링크합니다.
libcurl.lib(connect.obj) : warning LNK4099: 'libcurl.pdb' PDB를 'libcurl.lib(connect.obj)' 또는 'C:\Users\millet\capstone\backend\x64\Release\libcurl.pdb'에서 찾을 수 없습니다. 디버그 정보가 없는 것처럼 개체를 링크합니다.
libcurl.lib(slist.obj) : warning LNK4099: 'libcurl.pdb' PDB를 'libcurl.lib(slist.obj)' 또는 'C:\Users\millet\capstone\backend\x64\Release\libcurl.pdb'에서 찾을 수 없습니다. 디버그 정보가 없는 것처럼 개체를 링크합니다.
libcurl.lib(warnless.obj) : warning LNK4099: 'libcurl.pdb' PDB를 'libcurl.lib(warnless.obj)' 또는 'C:\Users\millet\capstone\backend\x64\Release\libcurl.pdb'에서 찾을 수 없습니다. 디버그 정보가 없는 것처럼 개체를 링크합니다.
libcurl.lib(http_digest.obj) : warning LNK4099: 'libcurl.pdb' PDB를 'libcurl.lib(http_digest.obj)' 또는 'C:\Users\millet\capstone\backend\x64\Release\libcurl.pdb'에서 찾을 수 없습니다. 디버그 정보가 없는 것처럼 개체를 링크합니다.
libcurl.lib(system_win32.obj) : warning LNK4099: 'libcurl.pdb' PDB를 'libcurl.lib(system_win32.obj)' 또는 'C:\Users\millet\capstone\backend\x64\Release\libcurl.pdb'에서 찾을 수 없습니다. 디버그 정보가 없는 것처럼 개체를 링크합니다.
libcurl.lib(altsvc.obj) : warning LNK4099: 'libcurl.pdb' PDB를 'libcurl.lib(altsvc.obj)' 또는 'C:\Users\millet\capstone\backend\x64\Release\libcurl.pdb'에서 찾을 수 없습니다. 디버그 정보가 없는 것처럼 개체를 링크합니다.
libcurl.lib(hsts.obj) : warning LNK4099: 'libcurl.pdb' PDB를 'libcurl.lib(hsts.obj)' 또는 'C:\Users\millet\capstone\backend\x64\Release\libcurl.pdb'에서 찾을 수 없습니다. 디버그 정보가 없는 것처럼 개체를 링크합니다.
libcurl.lib(strcase.obj) : warning LNK4099: 'libcurl.pdb' PDB를 'libcurl.lib(strcase.obj)' 또는 'C:\Users\millet\capstone\backend\x64\Release\libcurl.pdb'에서 찾을 수 없습니다. 디버그 정보가 없는 것처럼 개체를 링크합니다.
libcurl.lib(content_encoding.obj) : warning LNK4099: 'libcurl.pdb' PDB를 'libcurl.lib(content_encoding.obj)' 또는 'C:\Users\millet\capstone\backend\x64\Release\libcurl.pdb'에서 찾을 수 없습니다. 디버그 정보가 없는 것처럼 개체를 링크합니다.
libcurl.lib(share.obj) : warning LNK4099: 'libcurl.pdb' PDB를 'libcurl.lib(share.obj)' 또는 'C:\Users\millet\capstone\backend\x64\Release\libcurl.pdb'에서 찾을 수 없습니다. 디버그 정보가 없는 것처럼 개체를 링크합니다.
libcurl.lib(mprintf.obj) : warning LNK4099: 'libcurl.pdb' PDB를 'libcurl.lib(mprintf.obj)' 또는 'C:\Users\millet\capstone\backend\x64\Release\libcurl.pdb'에서 찾을 수 없습니다. 디버그 정보가 없는 것처럼 개체를 링크합니다.
libcurl.lib(llist.obj) : warning LNK4099: 'libcurl.pdb' PDB를 'libcurl.lib(llist.obj)' 또는 'C:\Users\millet\capstone\backend\x64\Release\libcurl.pdb'에서 찾을 수 없습니다. 디버그 정보가 없는 것처럼 개체를 링크합니다.
libcurl.lib(hash.obj) : warning LNK4099: 'libcurl.pdb' PDB를 'libcurl.lib(hash.obj)' 또는 'C:\Users\millet\capstone\backend\x64\Release\libcurl.pdb'에서 찾을 수 없습니다. 디버그 정보가 없는 것처럼 개체를 링크합니다.
libcurl.lib(hostip.obj) : warning LNK4099: 'libcurl.pdb' PDB를 'libcurl.lib(hostip.obj)' 또는 'C:\Users\millet\capstone\backend\x64\Release\libcurl.pdb'에서 찾을 수 없습니다. 디버그 정보가 없는 것처럼 개체를 링크합니다.
libcurl.lib(splay.obj) : warning LNK4099: 'libcurl.pdb' PDB를 'libcurl.lib(splay.obj)' 또는 'C:\Users\millet\capstone\backend\x64\Release\libcurl.pdb'에서 찾을 수 없습니다. 디버그 정보가 없는 것처럼 개체를 링크합니다.
libcurl.lib(http.obj) : warning LNK4099: 'libcurl.pdb' PDB를 'libcurl.lib(http.obj)' 또는 'C:\Users\millet\capstone\backend\x64\Release\libcurl.pdb'에서 찾을 수 없습니다. 디버그 정보가 없는 것처럼 개체를 링크합니다.
libcurl.lib(ftplistparser.obj) : warning LNK4099: 'libcurl.pdb' PDB를 'libcurl.lib(ftplistparser.obj)' 또는 'C:\Users\millet\capstone\backend\x64\Release\libcurl.pdb'에서 찾을 수 없습니다. 디버그 정보가 없는 것처럼 개체를 링크합니다.
libcurl.lib(transfer.obj) : warning LNK4099: 'libcurl.pdb' PDB를 'libcurl.lib(transfer.obj)' 또는 'C:\Users\millet\capstone\backend\x64\Release\libcurl.pdb'에서 찾을 수 없습니다. 디버그 정보가 없는 것처럼 개체를 링크합니다.
libcurl.lib(progress.obj) : warning LNK4099: 'libcurl.pdb' PDB를 'libcurl.lib(progress.obj)' 또는 'C:\Users\millet\capstone\backend\x64\Release\libcurl.pdb'에서 찾을 수 없습니다. 디버그 정보가 없는 것처럼 개체를 링크합니다.
libcurl.lib(select.obj) : warning LNK4099: 'libcurl.pdb' PDB를 'libcurl.lib(select.obj)' 또는 'C:\Users\millet\capstone\backend\x64\Release\libcurl.pdb'에서 찾을 수 없습니다. 디버그 정보가 없는 것처럼 개체를 링크합니다.
libcurl.lib(speedcheck.obj) : warning LNK4099: 'libcurl.pdb' PDB를 'libcurl.lib(speedcheck.obj)' 또는 'C:\Users\millet\capstone\backend\x64\Release\libcurl.pdb'에서 찾을 수 없습니다. 디버그 정보가 없는 것처럼 개체를 링크합니다.
libcurl.lib(curl_multibyte.obj) : warning LNK4099: 'libcurl.pdb' PDB를 'libcurl.lib(curl_multibyte.obj)' 또는 'C:\Users\millet\capstone\backend\x64\Release\libcurl.pdb'에서 찾을 수 없습니다. 디버그 정보가 없는 것처럼 개체를 링크합니다.
libcurl.lib(strerror.obj) : warning LNK4099: 'libcurl.pdb' PDB를 'libcurl.lib(strerror.obj)' 또는 'C:\Users\millet\capstone\backend\x64\Release\libcurl.pdb'에서 찾을 수 없습니다. 디버그 정보가 없는 것처럼 개체를 링크합니다.
libcurl.lib(strtok.obj) : warning LNK4099: 'libcurl.pdb' PDB를 'libcurl.lib(strtok.obj)' 또는 'C:\Users\millet\capstone\backend\x64\Release\libcurl.pdb'에서 찾을 수 없습니다. 디버그 정보가 없는 것처럼 개체를 링크합니다.
libcurl.lib(strtoofft.obj) : warning LNK4099: 'libcurl.pdb' PDB를 'libcurl.lib(strtoofft.obj)' 또는 'C:\Users\millet\capstone\backend\x64\Release\libcurl.pdb'에서 찾을 수 없습니다. 디버그 정보가 없는 것처럼 개체를 링크합니다.
libcurl.lib(curl_get_line.obj) : warning LNK4099: 'libcurl.pdb' PDB를 'libcurl.lib(curl_get_line.obj)' 또는 'C:\Users\millet\capstone\backend\x64\Release\libcurl.pdb'에서 찾을 수 없습니다. 디버그 정보가 없는 것처럼 개체를 링크합니다.
libcurl.lib(curl_memrchr.obj) : warning LNK4099: 'libcurl.pdb' PDB를 'libcurl.lib(curl_memrchr.obj)' 또는 'C:\Users\millet\capstone\backend\x64\Release\libcurl.pdb'에서 찾을 수 없습니다. 디버그 정보가 없는 것처럼 개체를 링크합니다.
libcurl.lib(parsedate.obj) : warning LNK4099: 'libcurl.pdb' PDB를 'libcurl.lib(parsedate.obj)' 또는 'C:\Users\millet\capstone\backend\x64\Release\libcurl.pdb'에서 찾을 수 없습니다. 디버그 정보가 없는 것처럼 개체를 링크합니다.
libcurl.lib(rename.obj) : warning LNK4099: 'libcurl.pdb' PDB를 'libcurl.lib(rename.obj)' 또는 'C:\Users\millet\capstone\backend\x64\Release\libcurl.pdb'에서 찾을 수 없습니다. 디버그 정보가 없는 것처럼 개체를 링크합니다.
libcurl.lib(fopen.obj) : warning LNK4099: 'libcurl.pdb' PDB를 'libcurl.lib(fopen.obj)' 또는 'C:\Users\millet\capstone\backend\x64\Release\libcurl.pdb'에서 찾을 수 없습니다. 디버그 정보가 없는 것처럼 개체를 링크합니다.
libcurl.lib(socketpair.obj) : warning LNK4099: 'libcurl.pdb' PDB를 'libcurl.lib(socketpair.obj)' 또는 'C:\Users\millet\capstone\backend\x64\Release\libcurl.pdb'에서 찾을 수 없습니다. 디버그 정보가 없는 것처럼 개체를 링크합니다.
libcurl.lib(curl_addrinfo.obj) : warning LNK4099: 'libcurl.pdb' PDB를 'libcurl.lib(curl_addrinfo.obj)' 또는 'C:\Users\millet\capstone\backend\x64\Release\libcurl.pdb'에서 찾을 수 없습니다. 디버그 정보가 없는 것처럼 개체를 링크합니다.
libcurl.lib(hostasyn.obj) : warning LNK4099: 'libcurl.pdb' PDB를 'libcurl.lib(hostasyn.obj)' 또는 'C:\Users\millet\capstone\backend\x64\Release\libcurl.pdb'에서 찾을 수 없습니다. 디버그 정보가 없는 것처럼 개체를 링크합니다.
libcurl.lib(curl_threads.obj) : warning LNK4099: 'libcurl.pdb' PDB를 'libcurl.lib(curl_threads.obj)' 또는 'C:\Users\millet\capstone\backend\x64\Release\libcurl.pdb'에서 찾을 수 없습니다. 디버그 정보가 없는 것처럼 개체를 링크합니다.
libcurl.lib(bufq.obj) : warning LNK4099: 'libcurl.pdb' PDB를 'libcurl.lib(bufq.obj)' 또는 'C:\Users\millet\capstone\backend\x64\Release\libcurl.pdb'에서 찾을 수 없습니다. 디버그 정보가 없는 것처럼 개체를 링크합니다.
libcurl.lib(rand.obj) : warning LNK4099: 'libcurl.pdb' PDB를 'libcurl.lib(rand.obj)' 또는 'C:\Users\millet\capstone\backend\x64\Release\libcurl.pdb'에서 찾을 수 없습니다. 디버그 정보가 없는 것처럼 개체를 링크합니다.
libcurl.lib(openssl.obj) : warning LNK4099: 'libcurl.pdb' PDB를 'libcurl.lib(openssl.obj)' 또는 'C:\Users\millet\capstone\backend\x64\Release\libcurl.pdb'에서 찾을 수 없습니다. 디버그 정보가 없는 것처럼 개체를 링크합니다.
libcurl.lib(getenv.obj) : warning LNK4099: 'libcurl.pdb' PDB를 'libcurl.lib(getenv.obj)' 또는 'C:\Users\millet\capstone\backend\x64\Release\libcurl.pdb'에서 찾을 수 없습니다. 디버그 정보가 없는 것처럼 개체를 링크합니다.
libcurl.lib(base64.obj) : warning LNK4099: 'libcurl.pdb' PDB를 'libcurl.lib(base64.obj)' 또는 'C:\Users\millet\capstone\backend\x64\Release\libcurl.pdb'에서 찾을 수 없습니다. 디버그 정보가 없는 것처럼 개체를 링크합니다.
libcurl.lib(inet_pton.obj) : warning LNK4099: 'libcurl.pdb' PDB를 'libcurl.lib(inet_pton.obj)' 또는 'C:\Users\millet\capstone\backend\x64\Release\libcurl.pdb'에서 찾을 수 없습니다. 디버그 정보가 없는 것처럼 개체를 링크합니다.
libcurl.lib(urlapi.obj) : warning LNK4099: 'libcurl.pdb' PDB를 'libcurl.lib(urlapi.obj)' 또는 'C:\Users\millet\capstone\backend\x64\Release\libcurl.pdb'에서 찾을 수 없습니다. 디버그 정보가 없는 것처럼 개체를 링크합니다.
libcurl.lib(netrc.obj) : warning LNK4099: 'libcurl.pdb' PDB를 'libcurl.lib(netrc.obj)' 또는 'C:\Users\millet\capstone\backend\x64\Release\libcurl.pdb'에서 찾을 수 없습니다. 디버그 정보가 없는 것처럼 개체를 링크합니다.
libcurl.lib(escape.obj) : warning LNK4099: 'libcurl.pdb' PDB를 'libcurl.lib(escape.obj)' 또는 'C:\Users\millet\capstone\backend\x64\Release\libcurl.pdb'에서 찾을 수 없습니다. 디버그 정보가 없는 것처럼 개체를 링크합니다.
libcurl.lib(noproxy.obj) : warning LNK4099: 'libcurl.pdb' PDB를 'libcurl.lib(noproxy.obj)' 또는 'C:\Users\millet\capstone\backend\x64\Release\libcurl.pdb'에서 찾을 수 없습니다. 디버그 정보가 없는 것처럼 개체를 링크합니다.
libcurl.lib(idn.obj) : warning LNK4099: 'libcurl.pdb' PDB를 'libcurl.lib(idn.obj)' 또는 'C:\Users\millet\capstone\backend\x64\Release\libcurl.pdb'에서 찾을 수 없습니다. 디버그 정보가 없는 것처럼 개체를 링크합니다.
libcurl.lib(http_ntlm.obj) : warning LNK4099: 'libcurl.pdb' PDB를 'libcurl.lib(http_ntlm.obj)' 또는 'C:\Users\millet\capstone\backend\x64\Release\libcurl.pdb'에서 찾을 수 없습니다. 디버그 정보가 없는 것처럼 개체를 링크합니다.
libcurl.lib(headers.obj) : warning LNK4099: 'libcurl.pdb' PDB를 'libcurl.lib(headers.obj)' 또는 'C:\Users\millet\capstone\backend\x64\Release\libcurl.pdb'에서 찾을 수 없습니다. 디버그 정보가 없는 것처럼 개체를 링크합니다.
libcurl.lib(imap.obj) : warning LNK4099: 'libcurl.pdb' PDB를 'libcurl.lib(imap.obj)' 또는 'C:\Users\millet\capstone\backend\x64\Release\libcurl.pdb'에서 찾을 수 없습니다. 디버그 정보가 없는 것처럼 개체를 링크합니다.
libcurl.lib(pop3.obj) : warning LNK4099: 'libcurl.pdb' PDB를 'libcurl.lib(pop3.obj)' 또는 'C:\Users\millet\capstone\backend\x64\Release\libcurl.pdb'에서 찾을 수 없습니다. 디버그 정보가 없는 것처럼 개체를 링크합니다.
libcurl.lib(smtp.obj) : warning LNK4099: 'libcurl.pdb' PDB를 'libcurl.lib(smtp.obj)' 또는 'C:\Users\millet\capstone\backend\x64\Release\libcurl.pdb'에서 찾을 수 없습니다. 디버그 정보가 없는 것처럼 개체를 링크합니다.
libcurl.lib(ftp.obj) : warning LNK4099: 'libcurl.pdb' PDB를 'libcurl.lib(ftp.obj)' 또는 'C:\Users\millet\capstone\backend\x64\Release\libcurl.pdb'에서 찾을 수 없습니다. 디버그 정보가 없는 것처럼 개체를 링크합니다.
libcurl.lib(file.obj) : warning LNK4099: 'libcurl.pdb' PDB를 'libcurl.lib(file.obj)' 또는 'C:\Users\millet\capstone\backend\x64\Release\libcurl.pdb'에서 찾을 수 없습니다. 디버그 정보가 없는 것처럼 개체를 링크합니다.
libcurl.lib(rtsp.obj) : warning LNK4099: 'libcurl.pdb' PDB를 'libcurl.lib(rtsp.obj)' 또는 'C:\Users\millet\capstone\backend\x64\Release\libcurl.pdb'에서 찾을 수 없습니다. 디버그 정보가 없는 것처럼 개체를 링크합니다.
libcurl.lib(smb.obj) : warning LNK4099: 'libcurl.pdb' PDB를 'libcurl.lib(smb.obj)' 또는 'C:\Users\millet\capstone\backend\x64\Release\libcurl.pdb'에서 찾을 수 없습니다. 디버그 정보가 없는 것처럼 개체를 링크합니다.
libcurl.lib(mqtt.obj) : warning LNK4099: 'libcurl.pdb' PDB를 'libcurl.lib(mqtt.obj)' 또는 'C:\Users\millet\capstone\backend\x64\Release\libcurl.pdb'에서 찾을 수 없습니다. 디버그 정보가 없는 것처럼 개체를 링크합니다.
libcurl.lib(dict.obj) : warning LNK4099: 'libcurl.pdb' PDB를 'libcurl.lib(dict.obj)' 또는 'C:\Users\millet\capstone\backend\x64\Release\libcurl.pdb'에서 찾을 수 없습니다. 디버그 정보가 없는 것처럼 개체를 링크합니다.
libcurl.lib(telnet.obj) : warning LNK4099: 'libcurl.pdb' PDB를 'libcurl.lib(telnet.obj)' 또는 'C:\Users\millet\capstone\backend\x64\Release\libcurl.pdb'에서 찾을 수 없습니다. 디버그 정보가 없는 것처럼 개체를 링크합니다.
libcurl.lib(tftp.obj) : warning LNK4099: 'libcurl.pdb' PDB를 'libcurl.lib(tftp.obj)' 또는 'C:\Users\millet\capstone\backend\x64\Release\libcurl.pdb'에서 찾을 수 없습니다. 디버그 정보가 없는 것처럼 개체를 링크합니다.
libcurl.lib(ldap.obj) : warning LNK4099: 'libcurl.pdb' PDB를 'libcurl.lib(ldap.obj)' 또는 'C:\Users\millet\capstone\backend\x64\Release\libcurl.pdb'에서 찾을 수 없습니다. 디버그 정보가 없는 것처럼 개체를 링크합니다.
libcurl.lib(gopher.obj) : warning LNK4099: 'libcurl.pdb' PDB를 'libcurl.lib(gopher.obj)' 또는 'C:\Users\millet\capstone\backend\x64\Release\libcurl.pdb'에서 찾을 수 없습니다. 디버그 정보가 없는 것처럼 개체를 링크합니다.
libcurl.lib(cf-socket.obj) : warning LNK4099: 'libcurl.pdb' PDB를 'libcurl.lib(cf-socket.obj)' 또는 'C:\Users\millet\capstone\backend\x64\Release\libcurl.pdb'에서 찾을 수 없습니다. 디버그 정보가 없는 것처럼 개체를 링크합니다.
libcurl.lib(doh.obj) : warning LNK4099: 'libcurl.pdb' PDB를 'libcurl.lib(doh.obj)' 또는 'C:\Users\millet\capstone\backend\x64\Release\libcurl.pdb'에서 찾을 수 없습니다. 디버그 정보가 없는 것처럼 개체를 링크합니다.
libcurl.lib(http_proxy.obj) : warning LNK4099: 'libcurl.pdb' PDB를 'libcurl.lib(http_proxy.obj)' 또는 'C:\Users\millet\capstone\backend\x64\Release\libcurl.pdb'에서 찾을 수 없습니다. 디버그 정보가 없는 것처럼 개체를 링크합니다.
libcurl.lib(cf-h1-proxy.obj) : warning LNK4099: 'libcurl.pdb' PDB를 'libcurl.lib(cf-h1-proxy.obj)' 또는 'C:\Users\millet\capstone\backend\x64\Release\libcurl.pdb'에서 찾을 수 없습니다. 디버그 정보가 없는 것처럼 개체를 링크합니다.
libcurl.lib(cf-haproxy.obj) : warning LNK4099: 'libcurl.pdb' PDB를 'libcurl.lib(cf-haproxy.obj)' 또는 'C:\Users\millet\capstone\backend\x64\Release\libcurl.pdb'에서 찾을 수 없습니다. 디버그 정보가 없는 것처럼 개체를 링크합니다.
libcurl.lib(cf-https-connect.obj) : warning LNK4099: 'libcurl.pdb' PDB를 'libcurl.lib(cf-https-connect.obj)' 또는 'C:\Users\millet\capstone\backend\x64\Release\libcurl.pdb'에서 찾을 수 없습니다. 디버그 정보가 없는 것처럼 개체를 링크합니다.
libcurl.lib(socks.obj) : warning LNK4099: 'libcurl.pdb' PDB를 'libcurl.lib(socks.obj)' 또는 'C:\Users\millet\capstone\backend\x64\Release\libcurl.pdb'에서 찾을 수 없습니다. 디버그 정보가 없는 것처럼 개체를 링크합니다.
libcurl.lib(inet_ntop.obj) : warning LNK4099: 'libcurl.pdb' PDB를 'libcurl.lib(inet_ntop.obj)' 또는 'C:\Users\millet\capstone\backend\x64\Release\libcurl.pdb'에서 찾을 수 없습니다. 디버그 정보가 없는 것처럼 개체를 링크합니다.
libcurl.lib(digest.obj) : warning LNK4099: 'libcurl.pdb' PDB를 'libcurl.lib(digest.obj)' 또는 'C:\Users\millet\capstone\backend\x64\Release\libcurl.pdb'에서 찾을 수 없습니다. 디버그 정보가 없는 것처럼 개체를 링크합니다.
libcurl.lib(version_win32.obj) : warning LNK4099: 'libcurl.pdb' PDB를 'libcurl.lib(version_win32.obj)' 또는 'C:\Users\millet\capstone\backend\x64\Release\libcurl.pdb'에서 찾을 수 없습니다. 디버그 정보가 없는 것처럼 개체를 링크합니다.
libcurl.lib(http_chunks.obj) : warning LNK4099: 'libcurl.pdb' PDB를 'libcurl.lib(http_chunks.obj)' 또는 'C:\Users\millet\capstone\backend\x64\Release\libcurl.pdb'에서 찾을 수 없습니다. 디버그 정보가 없는 것처럼 개체를 링크합니다.
libcurl.lib(hostip6.obj) : warning LNK4099: 'libcurl.pdb' PDB를 'libcurl.lib(hostip6.obj)' 또는 'C:\Users\millet\capstone\backend\x64\Release\libcurl.pdb'에서 찾을 수 없습니다. 디버그 정보가 없는 것처럼 개체를 링크합니다.
libcurl.lib(formdata.obj) : warning LNK4099: 'libcurl.pdb' PDB를 'libcurl.lib(formdata.obj)' 또는 'C:\Users\millet\capstone\backend\x64\Release\libcurl.pdb'에서 찾을 수 없습니다. 디버그 정보가 없는 것처럼 개체를 링크합니다.
libcurl.lib(dynhds.obj) : warning LNK4099: 'libcurl.pdb' PDB를 'libcurl.lib(dynhds.obj)' 또는 'C:\Users\millet\capstone\backend\x64\Release\libcurl.pdb'에서 찾을 수 없습니다. 디버그 정보가 없는 것처럼 개체를 링크합니다.
libcurl.lib(vauth.obj) : warning LNK4099: 'libcurl.pdb' PDB를 'libcurl.lib(vauth.obj)' 또는 'C:\Users\millet\capstone\backend\x64\Release\libcurl.pdb'에서 찾을 수 없습니다. 디버그 정보가 없는 것처럼 개체를 링크합니다.
libcurl.lib(ntlm.obj) : warning LNK4099: 'libcurl.pdb' PDB를 'libcurl.lib(ntlm.obj)' 또는 'C:\Users\millet\capstone\backend\x64\Release\libcurl.pdb'에서 찾을 수 없습니다. 디버그 정보가 없는 것처럼 개체를 링크합니다.
libcurl.lib(vquic.obj) : warning LNK4099: 'libcurl.pdb' PDB를 'libcurl.lib(vquic.obj)' 또는 'C:\Users\millet\capstone\backend\x64\Release\libcurl.pdb'에서 찾을 수 없습니다. 디버그 정보가 없는 것처럼 개체를 링크합니다.
libcurl.lib(http_aws_sigv4.obj) : warning LNK4099: 'libcurl.pdb' PDB를 'libcurl.lib(http_aws_sigv4.obj)' 또는 'C:\Users\millet\capstone\backend\x64\Release\libcurl.pdb'에서 찾을 수 없습니다. 디버그 정보가 없는 것처럼 개체를 링크합니다.
libcurl.lib(fileinfo.obj) : warning LNK4099: 'libcurl.pdb' PDB를 'libcurl.lib(fileinfo.obj)' 또는 'C:\Users\millet\capstone\backend\x64\Release\libcurl.pdb'에서 찾을 수 없습니다. 디버그 정보가 없는 것처럼 개체를 링크합니다.
libcurl.lib(curl_fnmatch.obj) : warning LNK4099: 'libcurl.pdb' PDB를 'libcurl.lib(curl_fnmatch.obj)' 또는 'C:\Users\millet\capstone\backend\x64\Release\libcurl.pdb'에서 찾을 수 없습니다. 디버그 정보가 없는 것처럼 개체를 링크합니다.
libcurl.lib(timediff.obj) : warning LNK4099: 'libcurl.pdb' PDB를 'libcurl.lib(timediff.obj)' 또는 'C:\Users\millet\capstone\backend\x64\Release\libcurl.pdb'에서 찾을 수 없습니다. 디버그 정보가 없는 것처럼 개체를 링크합니다.
libcurl.lib(nonblock.obj) : warning LNK4099: 'libcurl.pdb' PDB를 'libcurl.lib(nonblock.obj)' 또는 'C:\Users\millet\capstone\backend\x64\Release\libcurl.pdb'에서 찾을 수 없습니다. 디버그 정보가 없는 것처럼 개체를 링크합니다.
libcurl.lib(keylog.obj) : warning LNK4099: 'libcurl.pdb' PDB를 'libcurl.lib(keylog.obj)' 또는 'C:\Users\millet\capstone\backend\x64\Release\libcurl.pdb'에서 찾을 수 없습니다. 디버그 정보가 없는 것처럼 개체를 링크합니다.
libcurl.lib(hostcheck.obj) : warning LNK4099: 'libcurl.pdb' PDB를 'libcurl.lib(hostcheck.obj)' 또는 'C:\Users\millet\capstone\backend\x64\Release\libcurl.pdb'에서 찾을 수 없습니다. 디버그 정보가 없는 것처럼 개체를 링크합니다.
libcurl.lib(bufref.obj) : warning LNK4099: 'libcurl.pdb' PDB를 'libcurl.lib(bufref.obj)' 또는 'C:\Users\millet\capstone\backend\x64\Release\libcurl.pdb'에서 찾을 수 없습니다. 디버그 정보가 없는 것처럼 개체를 링크합니다.
libcurl.lib(pingpong.obj) : warning LNK4099: 'libcurl.pdb' PDB를 'libcurl.lib(pingpong.obj)' 또는 'C:\Users\millet\capstone\backend\x64\Release\libcurl.pdb'에서 찾을 수 없습니다. 디버그 정보가 없는 것처럼 개체를 링크합니다.
libcurl.lib(curl_sasl.obj) : warning LNK4099: 'libcurl.pdb' PDB를 'libcurl.lib(curl_sasl.obj)' 또는 'C:\Users\millet\capstone\backend\x64\Release\libcurl.pdb'에서 찾을 수 없습니다. 디버그 정보가 없는 것처럼 개체를 링크합니다.
libcurl.lib(md5.obj) : warning LNK4099: 'libcurl.pdb' PDB를 'libcurl.lib(md5.obj)' 또는 'C:\Users\millet\capstone\backend\x64\Release\libcurl.pdb'에서 찾을 수 없습니다. 디버그 정보가 없는 것처럼 개체를 링크합니다.
libcurl.lib(curl_gethostname.obj) : warning LNK4099: 'libcurl.pdb' PDB를 'libcurl.lib(curl_gethostname.obj)' 또는 'C:\Users\millet\capstone\backend\x64\Release\libcurl.pdb'에서 찾을 수 없습니다. 디버그 정보가 없는 것처럼 개체를 링크합니다.
libcurl.lib(if2ip.obj) : warning LNK4099: 'libcurl.pdb' PDB를 'libcurl.lib(if2ip.obj)' 또는 'C:\Users\millet\capstone\backend\x64\Release\libcurl.pdb'에서 찾을 수 없습니다. 디버그 정보가 없는 것처럼 개체를 링크합니다.
libcurl.lib(curl_range.obj) : warning LNK4099: 'libcurl.pdb' PDB를 'libcurl.lib(curl_range.obj)' 또는 'C:\Users\millet\capstone\backend\x64\Release\libcurl.pdb'에서 찾을 수 없습니다. 디버그 정보가 없는 것처럼 개체를 링크합니다.
libcurl.lib(curl_ntlm_core.obj) : warning LNK4099: 'libcurl.pdb' PDB를 'libcurl.lib(curl_ntlm_core.obj)' 또는 'C:\Users\millet\capstone\backend\x64\Release\libcurl.pdb'에서 찾을 수 없습니다. 디버그 정보가 없는 것처럼 개체를 링크합니다.
libcurl.lib(curl_endian.obj) : warning LNK4099: 'libcurl.pdb' PDB를 'libcurl.lib(curl_endian.obj)' 또는 'C:\Users\millet\capstone\backend\x64\Release\libcurl.pdb'에서 찾을 수 없습니다. 디버그 정보가 없는 것처럼 개체를 링크합니다.
libcurl.lib(http1.obj) : warning LNK4099: 'libcurl.pdb' PDB를 'libcurl.lib(http1.obj)' 또는 'C:\Users\millet\capstone\backend\x64\Release\libcurl.pdb'에서 찾을 수 없습니다. 디버그 정보가 없는 것처럼 개체를 링크합니다.
libcurl.lib(sha256.obj) : warning LNK4099: 'libcurl.pdb' PDB를 'libcurl.lib(sha256.obj)' 또는 'C:\Users\millet\capstone\backend\x64\Release\libcurl.pdb'에서 찾을 수 없습니다. 디버그 정보가 없는 것처럼 개체를 링크합니다.
libcurl.lib(curl_sha512_256.obj) : warning LNK4099: 'libcurl.pdb' PDB를 'libcurl.lib(curl_sha512_256.obj)' 또는 'C:\Users\millet\capstone\backend\x64\Release\libcurl.pdb'에서 찾을 수 없습니다. 디버그 정보가 없는 것처럼 개체를 링크합니다.
libcurl.lib(hmac.obj) : warning LNK4099: 'libcurl.pdb' PDB를 'libcurl.lib(hmac.obj)' 또는 'C:\Users\millet\capstone\backend\x64\Release\libcurl.pdb'에서 찾을 수 없습니다. 디버그 정보가 없는 것처럼 개체를 링크합니다.
libcurl.lib(cleartext.obj) : warning LNK4099: 'libcurl.pdb' PDB를 'libcurl.lib(cleartext.obj)' 또는 'C:\Users\millet\capstone\backend\x64\Release\libcurl.pdb'에서 찾을 수 없습니다. 디버그 정보가 없는 것처럼 개체를 링크합니다.
libcurl.lib(cram.obj) : warning LNK4099: 'libcurl.pdb' PDB를 'libcurl.lib(cram.obj)' 또는 'C:\Users\millet\capstone\backend\x64\Release\libcurl.pdb'에서 찾을 수 없습니다. 디버그 정보가 없는 것처럼 개체를 링크합니다.
libcurl.lib(oauth2.obj) : warning LNK4099: 'libcurl.pdb' PDB를 'libcurl.lib(oauth2.obj)' 또는 'C:\Users\millet\capstone\backend\x64\Release\libcurl.pdb'에서 찾을 수 없습니다. 디버그 정보가 없는 것처럼 개체를 링크합니다.
libcurl.lib(md4.obj) : warning LNK4099: 'libcurl.pdb' PDB를 'libcurl.lib(md4.obj)' 또는 'C:\Users\millet\capstone\backend\x64\Release\libcurl.pdb'에서 찾을 수 없습니다. 디버그 정보가 없는 것처럼 개체를 링크합니다.
  capstone_backend.vcxproj -> C:\Users\millet\capstone\backend\x64\Release\capstone_backend.exe
